# JRE version: Java(TM) SE Runtime Environment (21.0.11+9) (build 21.0.11+9-LTS-211)
# Java VM: Java HotSpot(TM) 64-Bit Server VM (21.0.11+9-LTS-211, mixed mode, sharing, tiered, compressed oops, compressed class ptrs, g1 gc, windows-amd64)
GC Precious Log:
 CardTable entry size: 512
 Card Set container configuration: InlinePtr #cards 4 size 8 Array Of Cards #cards 32 size 80 Howl #buckets 8 coarsen threshold 7372 Howl Bitmap #cards 1024 size 144 coarsen threshold 921 Card regions per heap region 1 cards per card region 8192
 CPUs: 16 total, 16 available
 Memory: 32607M
 Large Page Support: Disabled
 NUMA Support: Disabled
 Compressed Oops: Enabled (Zero based)
 Heap Region Size: 4M
 Heap Min Capacity: 8M
 Heap Initial Capacity: 512M
 Heap Max Capacity: 8G
 Pre-touch: Disabled
 Parallel Workers: 13
 Concurrent Workers: 3
 Concurrent Refinement Workers: 13
 Periodic GC: Disabled
Heap:
 garbage-first heap   total 958464K, used 233270K [0x0000000600000000, 0x0000000800000000)
  region size 4096K, 6 young (24576K), 6 survivors (24576K)
 Metaspace       used 165327K, committed 168256K, reserved 622592K
  class space    used 21818K, committed 23296K, reserved 425984K
GC Heap History (20 events):
Event: 99.387 GC heap after
{Heap after GC invocations=50 (full 0):
 garbage-first heap   total 913408K, used 250650K [0x0000000600000000, 0x0000000800000000)
  region size 4096K, 8 young (32768K), 8 survivors (32768K)
 Metaspace       used 148209K, committed 151104K, reserved 557056K
  class space    used 20459K, committed 21888K, reserved 425984K
}
Event: 100.278 GC heap before
{Heap before GC invocations=50 (full 0):
 garbage-first heap   total 913408K, used 684826K [0x0000000600000000, 0x0000000800000000)
  region size 4096K, 115 young (471040K), 8 survivors (32768K)
 Metaspace       used 148430K, committed 151296K, reserved 557056K
  class space    used 20461K, committed 21888K, reserved 425984K
}
Event: 100.303 GC heap after
{Heap after GC invocations=51 (full 0):
 garbage-first heap   total 913408K, used 316121K [0x0000000600000000, 0x0000000800000000)
  region size 4096K, 15 young (61440K), 15 survivors (61440K)
 Metaspace       used 148430K, committed 151296K, reserved 557056K
  class space    used 20461K, committed 21888K, reserved 425984K
}
Event: 103.696 GC heap before
{Heap before GC invocations=52 (full 0):
 garbage-first heap   total 913408K, used 750297K [0x0000000600000000, 0x0000000800000000)
  region size 4096K, 109 young (446464K), 15 survivors (61440K)
 Metaspace       used 148966K, committed 151808K, reserved 557056K
  class space    used 20521K, committed 21888K, reserved 425984K
}
Event: 103.726 GC heap after
{Heap after GC invocations=53 (full 0):
 garbage-first heap   total 913408K, used 273795K [0x0000000600000000, 0x0000000800000000)
  region size 4096K, 1 young (4096K), 1 survivors (4096K)
 Metaspace       used 148966K, committed 151808K, reserved 557056K
  class space    used 20521K, committed 21888K, reserved 425984K
}
Event: 266.101 GC heap before
{Heap before GC invocations=53 (full 0):
 garbage-first heap   total 913408K, used 720259K [0x0000000600000000, 0x0000000800000000)
  region size 4096K, 110 young (450560K), 1 survivors (4096K)
 Metaspace       used 150622K, committed 153472K, reserved 622592K
  class space    used 20548K, committed 21952K, reserved 425984K
}
Event: 266.128 GC heap after
{Heap after GC invocations=54 (full 0):
 garbage-first heap   total 913408K, used 271758K [0x0000000600000000, 0x0000000800000000)
  region size 4096K, 8 young (32768K), 8 survivors (32768K)
 Metaspace       used 150622K, committed 153472K, reserved 622592K
  class space    used 20548K, committed 21952K, reserved 425984K
}
Event: 384.542 GC heap before
{Heap before GC invocations=54 (full 0):
 garbage-first heap   total 913408K, used 738702K [0x0000000600000000, 0x0000000800000000)
  region size 4096K, 123 young (503808K), 8 survivors (32768K)
 Metaspace       used 150989K, committed 153856K, reserved 622592K
  class space    used 20551K, committed 21952K, reserved 425984K
}
Event: 384.673 GC heap after
{Heap after GC invocations=55 (full 0):
 garbage-first heap   total 913408K, used 335576K [0x0000000600000000, 0x0000000800000000)
  region size 4096K, 16 young (65536K), 16 survivors (65536K)
 Metaspace       used 150989K, committed 153856K, reserved 622592K
  class space    used 20551K, committed 21952K, reserved 425984K
}
Event: 385.149 GC heap before
{Heap before GC invocations=56 (full 0):
 garbage-first heap   total 958464K, used 712408K [0x0000000600000000, 0x0000000800000000)
  region size 4096K, 117 young (479232K), 16 survivors (65536K)
 Metaspace       used 151109K, committed 153920K, reserved 622592K
  class space    used 20551K, committed 21952K, reserved 425984K
}
Event: 385.192 GC heap after
{Heap after GC invocations=57 (full 0):
 garbage-first heap   total 958464K, used 347475K [0x0000000600000000, 0x0000000800000000)
  region size 4096K, 12 young (49152K), 12 survivors (49152K)
 Metaspace       used 151109K, committed 153920K, reserved 622592K
  class space    used 20551K, committed 21952K, reserved 425984K
}
Event: 386.104 GC heap before
{Heap before GC invocations=57 (full 0):
 garbage-first heap   total 958464K, used 818515K [0x0000000600000000, 0x0000000800000000)
  region size 4096K, 120 young (491520K), 12 survivors (49152K)
 Metaspace       used 151160K, committed 154048K, reserved 622592K
  class space    used 20551K, committed 21952K, reserved 425984K
}
Event: 386.126 GC heap after
{Heap after GC invocations=58 (full 0):
 garbage-first heap   total 958464K, used 391185K [0x0000000600000000, 0x0000000800000000)
  region size 4096K, 13 young (53248K), 13 survivors (53248K)
 Metaspace       used 151160K, committed 154048K, reserved 622592K
  class space    used 20551K, committed 21952K, reserved 425984K
}
Event: 386.479 GC heap before
{Heap before GC invocations=58 (full 0):
 garbage-first heap   total 958464K, used 735249K [0x0000000600000000, 0x0000000800000000)
  region size 4096K, 99 young (405504K), 13 survivors (53248K)
 Metaspace       used 151275K, committed 154176K, reserved 622592K
  class space    used 20554K, committed 21952K, reserved 425984K
}
Event: 386.483 GC heap after
{Heap after GC invocations=59 (full 0):
 garbage-first heap   total 958464K, used 324545K [0x0000000600000000, 0x0000000800000000)
  region size 4096K, 2 young (8192K), 2 survivors (8192K)
 Metaspace       used 151275K, committed 154176K, reserved 622592K
  class space    used 20554K, committed 21952K, reserved 425984K
}
Event: 431.059 GC heap before
{Heap before GC invocations=60 (full 0):
 garbage-first heap   total 958464K, used 811969K [0x0000000600000000, 0x0000000800000000)
  region size 4096K, 122 young (499712K), 2 survivors (8192K)
 Metaspace       used 161062K, committed 164032K, reserved 622592K
  class space    used 21473K, committed 22912K, reserved 425984K
}
Event: 431.067 GC heap after
{Heap after GC invocations=61 (full 0):
 garbage-first heap   total 958464K, used 308349K [0x0000000600000000, 0x0000000800000000)
  region size 4096K, 7 young (28672K), 7 survivors (28672K)
 Metaspace       used 161062K, committed 164032K, reserved 622592K
  class space    used 21473K, committed 22912K, reserved 425984K
}
Event: 431.281 GC heap before
{Heap before GC invocations=61 (full 0):
 garbage-first heap   total 958464K, used 824445K [0x0000000600000000, 0x0000000800000000)
  region size 4096K, 134 young (548864K), 7 survivors (28672K)
 Metaspace       used 161160K, committed 164096K, reserved 622592K
  class space    used 21473K, committed 22912K, reserved 425984K
}
Event: 431.304 GC heap after
{Heap after GC invocations=62 (full 0):
 garbage-first heap   total 958464K, used 265093K [0x0000000600000000, 0x0000000800000000)
  region size 4096K, 16 young (65536K), 16 survivors (65536K)
 Metaspace       used 161160K, committed 164096K, reserved 622592K
  class space    used 21473K, committed 22912K, reserved 425984K
}
Event: 432.312 GC heap before
{Heap before GC invocations=62 (full 0):
 garbage-first heap   total 958464K, used 535429K [0x0000000600000000, 0x0000000800000000)
  region size 4096K, 84 young (344064K), 16 survivors (65536K)
 Metaspace       used 165327K, committed 168256K, reserved 622592K
  class space    used 21818K, committed 23296K, reserved 425984K
}

